0 info it worked if it ends with ok
1 verbose cli [ '/usr/bin/node', '/usr/bin/npm', 'install', '-g', 'git-stats' ]
2 info using npm@1.4.28
3 info using node@v0.10.33
4 verbose node symlink /usr/bin/node
5 verbose cache add [ 'git-stats', null ]
6 verbose cache add name=undefined spec="git-stats" args=["git-stats",null]
7 verbose parsed url { protocol: null,
7 verbose parsed url   slashes: null,
7 verbose parsed url   auth: null,
7 verbose parsed url   host: null,
7 verbose parsed url   port: null,
7 verbose parsed url   hostname: null,
7 verbose parsed url   hash: null,
7 verbose parsed url   search: null,
7 verbose parsed url   query: null,
7 verbose parsed url   pathname: 'git-stats',
7 verbose parsed url   path: 'git-stats',
7 verbose parsed url   href: 'git-stats' }
8 silly lockFile aa4882b5-git-stats git-stats
9 verbose lock git-stats /home/len/.npm/aa4882b5-git-stats.lock
10 silly lockFile aa4882b5-git-stats git-stats
11 silly lockFile aa4882b5-git-stats git-stats
12 verbose addNamed [ 'git-stats', '' ]
13 verbose addNamed [ null, '*' ]
14 silly lockFile 95e24736-git-stats git-stats@
15 verbose lock git-stats@ /home/len/.npm/95e24736-git-stats.lock
16 silly addNameRange { name: 'git-stats', range: '*', hasData: false }
17 verbose request where is /git-stats
18 verbose request registry https://registry.npmjs.org/
19 verbose request id 4d51b57a78c4e720
20 verbose url raw /git-stats
21 verbose url resolving [ 'https://registry.npmjs.org/', './git-stats' ]
22 verbose url resolved https://registry.npmjs.org/git-stats
23 verbose request where is https://registry.npmjs.org/git-stats
24 info trying registry request attempt 1 at 16:10:23
25 http GET https://registry.npmjs.org/git-stats
26 http 200 https://registry.npmjs.org/git-stats
27 silly registry.get cb [ 200,
27 silly registry.get   { date: 'Mon, 16 Feb 2015 15:10:23 GMT',
27 silly registry.get     server: 'CouchDB/1.5.0 (Erlang OTP/R16B03)',
27 silly registry.get     etag: '"BMYE7QJT1U0FUAMCT1BWXJRW6"',
27 silly registry.get     'content-type': 'application/json',
27 silly registry.get     'cache-control': 'max-age=60',
27 silly registry.get     'content-length': '15262',
27 silly registry.get     'accept-ranges': 'bytes',
27 silly registry.get     via: '1.1 varnish',
27 silly registry.get     age: '0',
27 silly registry.get     'x-served-by': 'cache-lcy1134-LCY',
27 silly registry.get     'x-cache': 'HIT',
27 silly registry.get     'x-cache-hits': '1',
27 silly registry.get     'x-timer': 'S1424099423.388939,VS0,VE90',
27 silly registry.get     vary: 'Accept',
27 silly registry.get     'keep-alive': 'timeout=10, max=50',
27 silly registry.get     connection: 'Keep-Alive' } ]
28 silly addNameRange number 2 { name: 'git-stats', range: '*', hasData: true }
29 silly addNameRange versions [ 'git-stats',
29 silly addNameRange   [ '1.0.0-alpha', '1.0.0', '1.0.1', '1.1.0-beta', '1.1.0' ] ]
30 verbose addNamed [ 'git-stats', '1.1.0' ]
31 verbose addNamed [ '1.1.0', '1.1.0' ]
32 silly lockFile b7200ed2-git-stats-1-1-0 git-stats@1.1.0
33 verbose lock git-stats@1.1.0 /home/len/.npm/b7200ed2-git-stats-1-1-0.lock
34 silly lockFile c525d5e6-rg-git-stats-git-stats-1-1-0-tgz https://registry.npmjs.org/git-stats/-/git-stats-1.1.0.tgz
35 verbose lock https://registry.npmjs.org/git-stats/-/git-stats-1.1.0.tgz /home/len/.npm/c525d5e6-rg-git-stats-git-stats-1-1-0-tgz.lock
36 verbose addRemoteTarball [ 'https://registry.npmjs.org/git-stats/-/git-stats-1.1.0.tgz',
36 verbose addRemoteTarball   '7a9b3c9eae6588a242f806f0cd690db8b279c763' ]
37 info retry fetch attempt 1 at 16:10:23
38 verbose fetch to= /tmp/npm-32619-MnjM9dqV/registry.npmjs.org/git-stats/-/git-stats-1.1.0.tgz
39 http GET https://registry.npmjs.org/git-stats/-/git-stats-1.1.0.tgz
40 http 200 https://registry.npmjs.org/git-stats/-/git-stats-1.1.0.tgz
41 silly lockFile c525d5e6-rg-git-stats-git-stats-1-1-0-tgz https://registry.npmjs.org/git-stats/-/git-stats-1.1.0.tgz
42 silly lockFile c525d5e6-rg-git-stats-git-stats-1-1-0-tgz https://registry.npmjs.org/git-stats/-/git-stats-1.1.0.tgz
43 silly lockFile b7200ed2-git-stats-1-1-0 git-stats@1.1.0
44 silly lockFile b7200ed2-git-stats-1-1-0 git-stats@1.1.0
45 silly lockFile 95e24736-git-stats git-stats@
46 silly lockFile 95e24736-git-stats git-stats@
47 silly resolved [ { name: 'git-stats',
47 silly resolved     version: '1.1.0',
47 silly resolved     description: 'A GitHub-like contributions calendar, but locally, with all your git commits.',
47 silly resolved     main: 'lib/index.js',
47 silly resolved     bin: { 'git-stats': './bin/git-stats' },
47 silly resolved     scripts: { test: 'node test' },
47 silly resolved     author: { name: 'Ionică Bizău', email: 'bizauionica@gmail.com' },
47 silly resolved     license: 'MIT',
47 silly resolved     devDependencies: {},
47 silly resolved     repository:
47 silly resolved      { type: 'git',
47 silly resolved        url: 'https://github.com/IonicaBizau/git-stats.git' },
47 silly resolved     keywords: [ 'git', 'stats', 'github', 'cli' ],
47 silly resolved     bugs: { url: 'https://github.com/IonicaBizau/git-stats/issues' },
47 silly resolved     homepage: 'https://github.com/IonicaBizau/git-stats',
47 silly resolved     dependencies:
47 silly resolved      { 'ansi-parser': '^1.4.0',
47 silly resolved        'cli-box': '^2.1.1',
47 silly resolved        'bug-killer': '^1.0.0',
47 silly resolved        'git-stats-colors': '^1.0.0',
47 silly resolved        moment: '^2.9.0',
47 silly resolved        ul: '^1.1.0' },
47 silly resolved     gitHead: '5c5e8abc437a23b5440e93e317fb41a1e00a1a18',
47 silly resolved     _id: 'git-stats@1.1.0',
47 silly resolved     _shasum: '7a9b3c9eae6588a242f806f0cd690db8b279c763',
47 silly resolved     _from: 'git-stats@',
47 silly resolved     _npmVersion: '1.4.28',
47 silly resolved     _npmUser: { name: 'ionicabizau', email: 'bizauionica@yahoo.com' },
47 silly resolved     maintainers: [ [Object] ],
47 silly resolved     dist:
47 silly resolved      { shasum: '7a9b3c9eae6588a242f806f0cd690db8b279c763',
47 silly resolved        tarball: 'http://registry.npmjs.org/git-stats/-/git-stats-1.1.0.tgz' },
47 silly resolved     directories: {},
47 silly resolved     _resolved: 'https://registry.npmjs.org/git-stats/-/git-stats-1.1.0.tgz' } ]
48 info install git-stats@1.1.0 into /usr/lib
49 info installOne git-stats@1.1.0
50 verbose lib/node_modules/git-stats unbuild
51 verbose tar unpack /home/len/.npm/git-stats/1.1.0/package.tgz
52 silly lockFile 7e2b680e-r-usr-lib-node-modules-git-stats tar:///usr/lib/node_modules/git-stats
53 verbose lock tar:///usr/lib/node_modules/git-stats /home/len/.npm/7e2b680e-r-usr-lib-node-modules-git-stats.lock
54 silly lockFile 3511518a--npm-git-stats-1-1-0-package-tgz tar:///home/len/.npm/git-stats/1.1.0/package.tgz
55 verbose lock tar:///home/len/.npm/git-stats/1.1.0/package.tgz /home/len/.npm/3511518a--npm-git-stats-1-1-0-package-tgz.lock
56 silly gunzTarPerm modes [ '775', '664' ]
57 error Error: EACCES, mkdir '/usr/lib/node_modules/git-stats'
57 error  { [Error: EACCES, mkdir '/usr/lib/node_modules/git-stats']
57 error   errno: 3,
57 error   code: 'EACCES',
57 error   path: '/usr/lib/node_modules/git-stats',
57 error   fstream_type: 'Directory',
57 error   fstream_path: '/usr/lib/node_modules/git-stats',
57 error   fstream_class: 'DirWriter',
57 error   fstream_stack:
57 error    [ '/usr/lib/node_modules/npm/node_modules/fstream/lib/dir-writer.js:36:23',
57 error      '/usr/lib/node_modules/npm/node_modules/mkdirp/index.js:46:53',
57 error      'Object.oncomplete (fs.js:107:15)' ] }
58 error Please try running this command again as root/Administrator.
59 error System Linux 3.16.0-23-generic
60 error command "/usr/bin/node" "/usr/bin/npm" "install" "-g" "git-stats"
61 error cwd /home/len/.n98-magerun/modules/environment/src/Len/Environment/Command/Config
62 error node -v v0.10.33
63 error npm -v 1.4.28
64 error path /usr/lib/node_modules/git-stats
65 error fstream_path /usr/lib/node_modules/git-stats
66 error fstream_type Directory
67 error fstream_class DirWriter
68 error code EACCES
69 error errno 3
70 error stack Error: EACCES, mkdir '/usr/lib/node_modules/git-stats'
71 error fstream_stack /usr/lib/node_modules/npm/node_modules/fstream/lib/dir-writer.js:36:23
71 error fstream_stack /usr/lib/node_modules/npm/node_modules/mkdirp/index.js:46:53
71 error fstream_stack Object.oncomplete (fs.js:107:15)
72 verbose exit [ 3, true ]
